<?xml version="1.0" encoding="UTF-8"?>
<testng-results skipped="0" failed="0" ignored="0" total="1" passed="1">
  <reporter-output>
  </reporter-output>
  <suite name="Suite" duration-ms="10342" started-at="2020-07-13T15:58:57Z" finished-at="2020-07-13T15:59:08Z">
    <groups>
      <group name="cucumber">
        <method signature="AbstractTestNGCucumberTests.feature(cucumber.api.testng.CucumberFeatureWrapper)[pri:0, instance:runnner.Testrunner@60addb54]" name="feature" class="cucumber.api.testng.AbstractTestNGCucumberTests"/>
      </group> <!-- cucumber -->
    </groups>
    <test name="Test" duration-ms="10342" started-at="2020-07-13T15:58:57Z" finished-at="2020-07-13T15:59:08Z">
      <class name="runnner.Testrunner">
        <test-method status="PASS" signature="setUpClass()[pri:0, instance:runnner.Testrunner@60addb54]" name="setUpClass" is-config="true" duration-ms="325" started-at="2020-07-13T15:58:57Z" finished-at="2020-07-13T15:58:58Z">
          <reporter-output>
          </reporter-output>
        </test-method> <!-- setUpClass -->
        <test-method status="PASS" signature="feature(cucumber.api.testng.CucumberFeatureWrapper)[pri:0, instance:runnner.Testrunner@60addb54]" name="feature" duration-ms="9861" started-at="2020-07-13T15:58:58Z" description="Runs Cucumber Feature" data-provider="features" finished-at="2020-07-13T15:59:08Z">
          <params>
            <param index="0">
              <value>
                <![CDATA[DemoAutomation Sign-in]]>
              </value>
            </param>
          </params>
          <reporter-output>
          </reporter-output>
        </test-method> <!-- feature -->
        <test-method status="PASS" signature="tearDownClass()[pri:0, instance:runnner.Testrunner@60addb54]" name="tearDownClass" is-config="true" duration-ms="13" started-at="2020-07-13T15:59:08Z" finished-at="2020-07-13T15:59:08Z">
          <reporter-output>
          </reporter-output>
        </test-method> <!-- tearDownClass -->
      </class> <!-- runnner.Testrunner -->
    </test> <!-- Test -->
  </suite> <!-- Suite -->
</testng-results>
